<?xml version="1.0" encoding="UTF-8"?>
<testsuite xmlns:xsi="http://www.w3.org/2001/XMLSchema-instance" xsi:schemaLocation="https://maven.apache.org/surefire/maven-surefire-plugin/xsd/surefire-test-report.xsd" name="pl.polsl.Model.ModelTest" time="0.232" tests="8" errors="0" skipped="0" failures="0">
  <properties>
[...]
</properties>
  <testcase name="testLoadDataException{String}[1]" classname="pl.polsl.Model.ModelTest" time="0.101"/>
  <testcase name="testLoadDataException{String}[2]" classname="pl.polsl.Model.ModelTest" time="0.015"/>
  <testcase name="testLoadDataException{String}[3]" classname="pl.polsl.Model.ModelTest" time="0.016"/>
  <testcase name="testLoadDataException{String}[4]" classname="pl.polsl.Model.ModelTest" time="0"/>
  <testcase name="testLoadDataNull" classname="pl.polsl.Model.ModelTest" time="0"/>
  <testcase name="testLoadDataValues{String}[1]" classname="pl.polsl.Model.ModelTest" time="0.016"/>
  <testcase name="testLoadDataValues{String}[2]" classname="pl.polsl.Model.ModelTest" time="0.016"/>
  <testcase name="testLoadDataValues{String}[3]" classname="pl.polsl.Model.ModelTest" time="0"/>
</testsuite>